# JRE version: Java(TM) SE Runtime Environment (8.0_45-b14) (build 1.8.0_45-b14)
# Java VM: Java HotSpot(TM) 64-Bit Server VM (25.45-b02 mixed mode bsd-amd64 compressed oops)
Heap:
 PSYoungGen      total 33280K, used 4619K [0x0000000740000000, 0x0000000742600000, 0x00000007c0000000)
  eden space 29184K, 1% used [0x0000000740000000,0x00000007400839f8,0x0000000741c80000)
  from space 4096K, 99% used [0x0000000742100000,0x00000007424ff428,0x0000000742500000)
  to   space 4608K, 0% used [0x0000000741c80000,0x0000000741c80000,0x0000000742100000)
 ParOldGen       total 176640K, used 117628K [0x0000000640000000, 0x000000064ac80000, 0x0000000740000000)
  object space 176640K, 66% used [0x0000000640000000,0x00000006472df050,0x000000064ac80000)
 Metaspace       used 21142K, capacity 21510K, committed 21760K, reserved 1069056K
  class space    used 2396K, capacity 2523K, committed 2560K, reserved 1048576K
GC Heap History (10 events):
Event: 65538.990 GC heap before
{Heap before GC invocations=2548 (full 6):
 PSYoungGen      total 32768K, used 32223K [0x0000000740000000, 0x0000000742300000, 0x00000007c0000000)
  eden space 29696K, 100% used [0x0000000740000000,0x0000000741d00000,0x0000000741d00000)
  from space 3072K, 82% used [0x0000000741d00000,0x0000000741f77fb8,0x0000000742000000)
  to   space 3072K, 0% used [0x0000000742000000,0x0000000742000000,0x0000000742300000)
 ParOldGen       total 176640K, used 114733K [0x0000000640000000, 0x000000064ac80000, 0x0000000740000000)
  object space 176640K, 64% used [0x0000000640000000,0x000000064700b720,0x000000064ac80000)
 Metaspace       used 21106K, capacity 21510K, committed 21760K, reserved 1069056K
  class space    used 2393K, capacity 2523K, committed 2560K, reserved 1048576K
Event: 65538.993 GC heap after
Heap after GC invocations=2548 (full 6):
 PSYoungGen      total 32768K, used 2611K [0x0000000740000000, 0x0000000742300000, 0x00000007c0000000)
  eden space 29696K, 0% used [0x0000000740000000,0x0000000740000000,0x0000000741d00000)
  from space 3072K, 85% used [0x0000000742000000,0x000000074228ce20,0x0000000742300000)
  to   space 3072K, 0% used [0x0000000741d00000,0x0000000741d00000,0x0000000742000000)
 ParOldGen       total 176640K, used 114749K [0x0000000640000000, 0x000000064ac80000, 0x0000000740000000)
  object space 176640K, 64% used [0x0000000640000000,0x000000064700f720,0x000000064ac80000)
 Metaspace       used 21106K, capacity 21510K, committed 21760K, reserved 1069056K
  class space    used 2393K, capacity 2523K, committed 2560K, reserved 1048576K
}
Event: 65782.691 GC heap before
{Heap before GC invocations=2549 (full 6):
 PSYoungGen      total 32768K, used 32307K [0x0000000740000000, 0x0000000742300000, 0x00000007c0000000)
  eden space 29696K, 100% used [0x0000000740000000,0x0000000741d00000,0x0000000741d00000)
  from space 3072K, 85% used [0x0000000742000000,0x000000074228ce20,0x0000000742300000)
  to   space 3072K, 0% used [0x0000000741d00000,0x0000000741d00000,0x0000000742000000)
 ParOldGen       total 176640K, used 114749K [0x0000000640000000, 0x000000064ac80000, 0x0000000740000000)
  object space 176640K, 64% used [0x0000000640000000,0x000000064700f720,0x000000064ac80000)
 Metaspace       used 21106K, capacity 21510K, committed 21760K, reserved 1069056K
  class space    used 2393K, capacity 2523K, committed 2560K, reserved 1048576K
Event: 65782.692 GC heap after
Heap after GC invocations=2549 (full 6):
 PSYoungGen      total 32768K, used 2514K [0x0000000740000000, 0x0000000742300000, 0x00000007c0000000)
  eden space 29696K, 0% used [0x0000000740000000,0x0000000740000000,0x0000000741d00000)
  from space 3072K, 81% used [0x0000000741d00000,0x0000000741f74880,0x0000000742000000)
  to   space 3072K, 0% used [0x0000000742000000,0x0000000742000000,0x0000000742300000)
 ParOldGen       total 176640K, used 114765K [0x0000000640000000, 0x000000064ac80000, 0x0000000740000000)
  object space 176640K, 64% used [0x0000000640000000,0x0000000647013720,0x000000064ac80000)
 Metaspace       used 21106K, capacity 21510K, committed 21760K, reserved 1069056K
  class space    used 2393K, capacity 2523K, committed 2560K, reserved 1048576K
}
Event: 66026.606 GC heap before
{Heap before GC invocations=2550 (full 6):
 PSYoungGen      total 32768K, used 32210K [0x0000000740000000, 0x0000000742300000, 0x00000007c0000000)
  eden space 29696K, 100% used [0x0000000740000000,0x0000000741d00000,0x0000000741d00000)
  from space 3072K, 81% used [0x0000000741d00000,0x0000000741f74880,0x0000000742000000)
  to   space 3072K, 0% used [0x0000000742000000,0x0000000742000000,0x0000000742300000)
 ParOldGen       total 176640K, used 114765K [0x0000000640000000, 0x000000064ac80000, 0x0000000740000000)
  object space 176640K, 64% used [0x0000000640000000,0x0000000647013720,0x000000064ac80000)
 Metaspace       used 21107K, capacity 21510K, committed 21760K, reserved 1069056K
  class space    used 2393K, capacity 2523K, committed 2560K, reserved 1048576K
Event: 66026.608 GC heap after
Heap after GC invocations=2550 (full 6):
 PSYoungGen      total 32768K, used 2545K [0x0000000740000000, 0x0000000742300000, 0x00000007c0000000)
  eden space 29696K, 0% used [0x0000000740000000,0x0000000740000000,0x0000000741d00000)
  from space 3072K, 82% used [0x0000000742000000,0x000000074227c770,0x0000000742300000)
  to   space 3072K, 0% used [0x0000000741d00000,0x0000000741d00000,0x0000000742000000)
 ParOldGen       total 176640K, used 114773K [0x0000000640000000, 0x000000064ac80000, 0x0000000740000000)
  object space 176640K, 64% used [0x0000000640000000,0x0000000647015720,0x000000064ac80000)
 Metaspace       used 21107K, capacity 21510K, committed 21760K, reserved 1069056K
  class space    used 2393K, capacity 2523K, committed 2560K, reserved 1048576K
}
Event: 66210.379 GC heap before
{Heap before GC invocations=2551 (full 6):
 PSYoungGen      total 32768K, used 32055K [0x0000000740000000, 0x0000000742300000, 0x00000007c0000000)
  eden space 29696K, 99% used [0x0000000740000000,0x0000000741cd1698,0x0000000741d00000)
  from space 3072K, 82% used [0x0000000742000000,0x000000074227c770,0x0000000742300000)
  to   space 3072K, 0% used [0x0000000741d00000,0x0000000741d00000,0x0000000742000000)
 ParOldGen       total 176640K, used 114773K [0x0000000640000000, 0x000000064ac80000, 0x0000000740000000)
  object space 176640K, 64% used [0x0000000640000000,0x0000000647015720,0x000000064ac80000)
 Metaspace       used 21123K, capacity 21510K, committed 21760K, reserved 1069056K
  class space    used 2396K, capacity 2523K, committed 2560K, reserved 1048576K
Event: 66210.381 GC heap after
Heap after GC invocations=2551 (full 6):
 PSYoungGen      total 32768K, used 3052K [0x0000000740000000, 0x0000000742500000, 0x00000007c0000000)
  eden space 29696K, 0% used [0x0000000740000000,0x0000000740000000,0x0000000741d00000)
  from space 3072K, 99% used [0x0000000741d00000,0x0000000741ffb388,0x0000000742000000)
  to   space 4096K, 0% used [0x0000000742100000,0x0000000742100000,0x0000000742500000)
 ParOldGen       total 176640K, used 116690K [0x0000000640000000, 0x000000064ac80000, 0x0000000740000000)
  object space 176640K, 66% used [0x0000000640000000,0x00000006471f4bd0,0x000000064ac80000)
 Metaspace       used 21123K, capacity 21510K, committed 21760K, reserved 1069056K
  class space    used 2396K, capacity 2523K, committed 2560K, reserved 1048576K
}
Event: 66453.140 GC heap before
{Heap before GC invocations=2552 (full 6):
 PSYoungGen      total 32768K, used 32748K [0x0000000740000000, 0x0000000742500000, 0x00000007c0000000)
  eden space 29696K, 100% used [0x0000000740000000,0x0000000741d00000,0x0000000741d00000)
  from space 3072K, 99% used [0x0000000741d00000,0x0000000741ffb388,0x0000000742000000)
  to   space 4096K, 0% used [0x0000000742100000,0x0000000742100000,0x0000000742500000)
 ParOldGen       total 176640K, used 116690K [0x0000000640000000, 0x000000064ac80000, 0x0000000740000000)
  object space 176640K, 66% used [0x0000000640000000,0x00000006471f4bd0,0x000000064ac80000)
 Metaspace       used 21141K, capacity 21510K, committed 21760K, reserved 1069056K
  class space    used 2396K, capacity 2523K, committed 2560K, reserved 1048576K
Event: 66453.142 GC heap after
Heap after GC invocations=2552 (full 6):
 PSYoungGen      total 33280K, used 4093K [0x0000000740000000, 0x0000000742600000, 0x00000007c0000000)
  eden space 29184K, 0% used [0x0000000740000000,0x0000000740000000,0x0000000741c80000)
  from space 4096K, 99% used [0x0000000742100000,0x00000007424ff428,0x0000000742500000)
  to   space 4608K, 0% used [0x0000000741c80000,0x0000000741c80000,0x0000000742100000)
 ParOldGen       total 176640K, used 117628K [0x0000000640000000, 0x000000064ac80000, 0x0000000740000000)
  object space 176640K, 66% used [0x0000000640000000,0x00000006472df050,0x000000064ac80000)
 Metaspace       used 21141K, capacity 21510K, committed 21760K, reserved 1069056K
  class space    used 2396K, capacity 2523K, committed 2560K, reserved 1048576K
}

