# JRE version: Java(TM) SE Runtime Environment (8.0_45-b14) (build 1.8.0_45-b14)
# Java VM: Java HotSpot(TM) 64-Bit Server VM (25.45-b02 mixed mode bsd-amd64 compressed oops)
Heap:
 PSYoungGen      total 34304K, used 4579K [0x0000000740000000, 0x0000000742a00000, 0x00000007c0000000)
  eden space 30208K, 1% used [0x0000000740000000,0x000000074007fa50,0x0000000741d80000)
  from space 4096K, 99% used [0x0000000742300000,0x00000007426f94f8,0x0000000742700000)
  to   space 5632K, 0% used [0x0000000741d80000,0x0000000741d80000,0x0000000742300000)
 ParOldGen       total 166912K, used 119687K [0x0000000640000000, 0x000000064a300000, 0x0000000740000000)
  object space 166912K, 71% used [0x0000000640000000,0x00000006474e1ee0,0x000000064a300000)
 Metaspace       used 21291K, capacity 21642K, committed 22016K, reserved 1069056K
  class space    used 2415K, capacity 2523K, committed 2560K, reserved 1048576K
GC Heap History (10 events):
Event: 45375.851 GC heap before
{Heap before GC invocations=4025 (full 11):
 PSYoungGen      total 35328K, used 34591K [0x0000000740000000, 0x0000000742600000, 0x00000007c0000000)
  eden space 31744K, 99% used [0x0000000740000000,0x0000000741efa6a8,0x0000000741f00000)
  from space 3584K, 80% used [0x0000000741f00000,0x00000007421cd788,0x0000000742280000)
  to   space 3584K, 0% used [0x0000000742280000,0x0000000742280000,0x0000000742600000)
 ParOldGen       total 166912K, used 115747K [0x0000000640000000, 0x000000064a300000, 0x0000000740000000)
  object space 166912K, 69% used [0x0000000640000000,0x0000000647108ee0,0x000000064a300000)
 Metaspace       used 21260K, capacity 21642K, committed 22016K, reserved 1069056K
  class space    used 2412K, capacity 2523K, committed 2560K, reserved 1048576K
Event: 45375.853 GC heap after
Heap after GC invocations=4025 (full 11):
 PSYoungGen      total 35328K, used 3027K [0x0000000740000000, 0x0000000742600000, 0x00000007c0000000)
  eden space 31744K, 0% used [0x0000000740000000,0x0000000740000000,0x0000000741f00000)
  from space 3584K, 84% used [0x0000000742280000,0x0000000742574db8,0x0000000742600000)
  to   space 3584K, 0% used [0x0000000741f00000,0x0000000741f00000,0x0000000742280000)
 ParOldGen       total 166912K, used 115763K [0x0000000640000000, 0x000000064a300000, 0x0000000740000000)
  object space 166912K, 69% used [0x0000000640000000,0x000000064710cee0,0x000000064a300000)
 Metaspace       used 21260K, capacity 21642K, committed 22016K, reserved 1069056K
  class space    used 2412K, capacity 2523K, committed 2560K, reserved 1048576K
}
Event: 45623.854 GC heap before
{Heap before GC invocations=4026 (full 11):
 PSYoungGen      total 35328K, used 34771K [0x0000000740000000, 0x0000000742600000, 0x00000007c0000000)
  eden space 31744K, 100% used [0x0000000740000000,0x0000000741f00000,0x0000000741f00000)
  from space 3584K, 84% used [0x0000000742280000,0x0000000742574db8,0x0000000742600000)
  to   space 3584K, 0% used [0x0000000741f00000,0x0000000741f00000,0x0000000742280000)
 ParOldGen       total 166912K, used 115763K [0x0000000640000000, 0x000000064a300000, 0x0000000740000000)
  object space 166912K, 69% used [0x0000000640000000,0x000000064710cee0,0x000000064a300000)
 Metaspace       used 21260K, capacity 21642K, committed 22016K, reserved 1069056K
  class space    used 2412K, capacity 2523K, committed 2560K, reserved 1048576K
Event: 45623.856 GC heap after
Heap after GC invocations=4026 (full 11):
 PSYoungGen      total 35328K, used 2627K [0x0000000740000000, 0x0000000742600000, 0x00000007c0000000)
  eden space 31744K, 0% used [0x0000000740000000,0x0000000740000000,0x0000000741f00000)
  from space 3584K, 73% used [0x0000000741f00000,0x0000000742190cf0,0x0000000742280000)
  to   space 3584K, 0% used [0x0000000742280000,0x0000000742280000,0x0000000742600000)
 ParOldGen       total 166912K, used 115771K [0x0000000640000000, 0x000000064a300000, 0x0000000740000000)
  object space 166912K, 69% used [0x0000000640000000,0x000000064710eee0,0x000000064a300000)
 Metaspace       used 21260K, capacity 21642K, committed 22016K, reserved 1069056K
  class space    used 2412K, capacity 2523K, committed 2560K, reserved 1048576K
}
Event: 45914.726 GC heap before
{Heap before GC invocations=4027 (full 11):
 PSYoungGen      total 35328K, used 33417K [0x0000000740000000, 0x0000000742600000, 0x00000007c0000000)
  eden space 31744K, 96% used [0x0000000740000000,0x0000000741e11a38,0x0000000741f00000)
  from space 3584K, 73% used [0x0000000741f00000,0x0000000742190cf0,0x0000000742280000)
  to   space 3584K, 0% used [0x0000000742280000,0x0000000742280000,0x0000000742600000)
 ParOldGen       total 166912K, used 115771K [0x0000000640000000, 0x000000064a300000, 0x0000000740000000)
  object space 166912K, 69% used [0x0000000640000000,0x000000064710eee0,0x000000064a300000)
 Metaspace       used 21262K, capacity 21642K, committed 22016K, reserved 1069056K
  class space    used 2412K, capacity 2523K, committed 2560K, reserved 1048576K
Event: 45914.742 GC heap after
Heap after GC invocations=4027 (full 11):
 PSYoungGen      total 35328K, used 2972K [0x0000000740000000, 0x0000000742600000, 0x00000007c0000000)
  eden space 31744K, 0% used [0x0000000740000000,0x0000000740000000,0x0000000741f00000)
  from space 3584K, 82% used [0x0000000742280000,0x00000007425670e0,0x0000000742600000)
  to   space 3584K, 0% used [0x0000000741f00000,0x0000000741f00000,0x0000000742280000)
 ParOldGen       total 166912K, used 115779K [0x0000000640000000, 0x000000064a300000, 0x0000000740000000)
  object space 166912K, 69% used [0x0000000640000000,0x0000000647110ee0,0x000000064a300000)
 Metaspace       used 21262K, capacity 21642K, committed 22016K, reserved 1069056K
  class space    used 2412K, capacity 2523K, committed 2560K, reserved 1048576K
}
Event: 46108.612 GC heap before
{Heap before GC invocations=4028 (full 11):
 PSYoungGen      total 35328K, used 34716K [0x0000000740000000, 0x0000000742600000, 0x00000007c0000000)
  eden space 31744K, 100% used [0x0000000740000000,0x0000000741f00000,0x0000000741f00000)
  from space 3584K, 82% used [0x0000000742280000,0x00000007425670e0,0x0000000742600000)
  to   space 3584K, 0% used [0x0000000741f00000,0x0000000741f00000,0x0000000742280000)
 ParOldGen       total 166912K, used 115779K [0x0000000640000000, 0x000000064a300000, 0x0000000740000000)
  object space 166912K, 69% used [0x0000000640000000,0x0000000647110ee0,0x000000064a300000)
 Metaspace       used 21282K, capacity 21642K, committed 22016K, reserved 1069056K
  class space    used 2415K, capacity 2523K, committed 2560K, reserved 1048576K
Event: 46108.616 GC heap after
Heap after GC invocations=4028 (full 11):
 PSYoungGen      total 35328K, used 3578K [0x0000000740000000, 0x0000000742700000, 0x00000007c0000000)
  eden space 31744K, 0% used [0x0000000740000000,0x0000000740000000,0x0000000741f00000)
  from space 3584K, 99% used [0x0000000741f00000,0x000000074227eb60,0x0000000742280000)
  to   space 4096K, 0% used [0x0000000742300000,0x0000000742300000,0x0000000742700000)
 ParOldGen       total 166912K, used 117231K [0x0000000640000000, 0x000000064a300000, 0x0000000740000000)
  object space 166912K, 70% used [0x0000000640000000,0x000000064727bf40,0x000000064a300000)
 Metaspace       used 21282K, capacity 21642K, committed 22016K, reserved 1069056K
  class space    used 2415K, capacity 2523K, committed 2560K, reserved 1048576K
}
Event: 46351.952 GC heap before
{Heap before GC invocations=4029 (full 11):
 PSYoungGen      total 35328K, used 35322K [0x0000000740000000, 0x0000000742700000, 0x00000007c0000000)
  eden space 31744K, 100% used [0x0000000740000000,0x0000000741f00000,0x0000000741f00000)
  from space 3584K, 99% used [0x0000000741f00000,0x000000074227eb60,0x0000000742280000)
  to   space 4096K, 0% used [0x0000000742300000,0x0000000742300000,0x0000000742700000)
 ParOldGen       total 166912K, used 117231K [0x0000000640000000, 0x000000064a300000, 0x0000000740000000)
  object space 166912K, 70% used [0x0000000640000000,0x000000064727bf40,0x000000064a300000)
 Metaspace       used 21291K, capacity 21642K, committed 22016K, reserved 1069056K
  class space    used 2415K, capacity 2523K, committed 2560K, reserved 1048576K
Event: 46351.955 GC heap after
Heap after GC invocations=4029 (full 11):
 PSYoungGen      total 34304K, used 4069K [0x0000000740000000, 0x0000000742a00000, 0x00000007c0000000)
  eden space 30208K, 0% used [0x0000000740000000,0x0000000740000000,0x0000000741d80000)
  from space 4096K, 99% used [0x0000000742300000,0x00000007426f94f8,0x0000000742700000)
  to   space 5632K, 0% used [0x0000000741d80000,0x0000000741d80000,0x0000000742300000)
 ParOldGen       total 166912K, used 119687K [0x0000000640000000, 0x000000064a300000, 0x0000000740000000)
  object space 166912K, 71% used [0x0000000640000000,0x00000006474e1ee0,0x000000064a300000)
 Metaspace       used 21291K, capacity 21642K, committed 22016K, reserved 1069056K
  class space    used 2415K, capacity 2523K, committed 2560K, reserved 1048576K
}

