# JRE version: Java(TM) SE Runtime Environment (8.0_45-b14) (build 1.8.0_45-b14)
# Java VM: Java HotSpot(TM) 64-Bit Server VM (25.45-b02 mixed mode bsd-amd64 compressed oops)
Heap:
 PSYoungGen      total 112640K, used 17833K [0x0000000740000000, 0x0000000748100000, 0x00000007c0000000)
  eden space 96256K, 1% used [0x0000000740000000,0x00000007401c4210,0x0000000745e00000)
  from space 16384K, 97% used [0x0000000746000000,0x0000000746fa6218,0x0000000747000000)
  to   space 17408K, 0% used [0x0000000747000000,0x0000000747000000,0x0000000748100000)
 ParOldGen       total 262144K, used 72K [0x0000000640000000, 0x0000000650000000, 0x0000000740000000)
  object space 262144K, 0% used [0x0000000640000000,0x0000000640012000,0x0000000650000000)
 Metaspace       used 20451K, capacity 20810K, committed 20992K, reserved 1067008K
  class space    used 2384K, capacity 2503K, committed 2560K, reserved 1048576K
GC Heap History (10 events):
Event: 77.167 GC heap before
{Heap before GC invocations=1 (full 0):
 PSYoungGen      total 114688K, used 98304K [0x0000000740000000, 0x0000000748000000, 0x00000007c0000000)
  eden space 98304K, 100% used [0x0000000740000000,0x0000000746000000,0x0000000746000000)
  from space 16384K, 0% used [0x0000000747000000,0x0000000747000000,0x0000000748000000)
  to   space 16384K, 0% used [0x0000000746000000,0x0000000746000000,0x0000000747000000)
 ParOldGen       total 262144K, used 0K [0x0000000640000000, 0x0000000650000000, 0x0000000740000000)
  object space 262144K, 0% used [0x0000000640000000,0x0000000640000000,0x0000000650000000)
 Metaspace       used 19668K, capacity 20024K, committed 20224K, reserved 1067008K
  class space    used 2382K, capacity 2500K, committed 2560K, reserved 1048576K
Event: 77.179 GC heap after
Heap after GC invocations=1 (full 0):
 PSYoungGen      total 114688K, used 11233K [0x0000000740000000, 0x0000000748000000, 0x00000007c0000000)
  eden space 98304K, 0% used [0x0000000740000000,0x0000000740000000,0x0000000746000000)
  from space 16384K, 68% used [0x0000000746000000,0x0000000746af8570,0x0000000747000000)
  to   space 16384K, 0% used [0x0000000747000000,0x0000000747000000,0x0000000748000000)
 ParOldGen       total 262144K, used 40K [0x0000000640000000, 0x0000000650000000, 0x0000000740000000)
  object space 262144K, 0% used [0x0000000640000000,0x000000064000a000,0x0000000650000000)
 Metaspace       used 19668K, capacity 20024K, committed 20224K, reserved 1067008K
  class space    used 2382K, capacity 2500K, committed 2560K, reserved 1048576K
}
Event: 682.880 GC heap before
{Heap before GC invocations=2 (full 0):
 PSYoungGen      total 114688K, used 109537K [0x0000000740000000, 0x0000000748000000, 0x00000007c0000000)
  eden space 98304K, 100% used [0x0000000740000000,0x0000000746000000,0x0000000746000000)
  from space 16384K, 68% used [0x0000000746000000,0x0000000746af8570,0x0000000747000000)
  to   space 16384K, 0% used [0x0000000747000000,0x0000000747000000,0x0000000748000000)
 ParOldGen       total 262144K, used 40K [0x0000000640000000, 0x0000000650000000, 0x0000000740000000)
  object space 262144K, 0% used [0x0000000640000000,0x000000064000a000,0x0000000650000000)
 Metaspace       used 20038K, capacity 20426K, committed 20736K, reserved 1067008K
  class space    used 2383K, capacity 2503K, committed 2560K, reserved 1048576K
Event: 682.896 GC heap after
Heap after GC invocations=2 (full 0):
 PSYoungGen      total 114688K, used 13897K [0x0000000740000000, 0x0000000748000000, 0x00000007c0000000)
  eden space 98304K, 0% used [0x0000000740000000,0x0000000740000000,0x0000000746000000)
  from space 16384K, 84% used [0x0000000747000000,0x0000000747d92400,0x0000000748000000)
  to   space 16384K, 0% used [0x0000000746000000,0x0000000746000000,0x0000000747000000)
 ParOldGen       total 262144K, used 48K [0x0000000640000000, 0x0000000650000000, 0x0000000740000000)
  object space 262144K, 0% used [0x0000000640000000,0x000000064000c000,0x0000000650000000)
 Metaspace       used 20038K, capacity 20426K, committed 20736K, reserved 1067008K
  class space    used 2383K, capacity 2503K, committed 2560K, reserved 1048576K
}
Event: 1292.481 GC heap before
{Heap before GC invocations=3 (full 0):
 PSYoungGen      total 114688K, used 112045K [0x0000000740000000, 0x0000000748000000, 0x00000007c0000000)
  eden space 98304K, 99% used [0x0000000740000000,0x0000000745fd91e0,0x0000000746000000)
  from space 16384K, 84% used [0x0000000747000000,0x0000000747d92400,0x0000000748000000)
  to   space 16384K, 0% used [0x0000000746000000,0x0000000746000000,0x0000000747000000)
 ParOldGen       total 262144K, used 48K [0x0000000640000000, 0x0000000650000000, 0x0000000740000000)
  object space 262144K, 0% used [0x0000000640000000,0x000000064000c000,0x0000000650000000)
 Metaspace       used 20187K, capacity 20554K, committed 20736K, reserved 1067008K
  class space    used 2384K, capacity 2503K, committed 2560K, reserved 1048576K
Event: 1292.491 GC heap after
Heap after GC invocations=3 (full 0):
 PSYoungGen      total 114688K, used 14273K [0x0000000740000000, 0x0000000748000000, 0x00000007c0000000)
  eden space 98304K, 0% used [0x0000000740000000,0x0000000740000000,0x0000000746000000)
  from space 16384K, 87% used [0x0000000746000000,0x0000000746df04d8,0x0000000747000000)
  to   space 16384K, 0% used [0x0000000747000000,0x0000000747000000,0x0000000748000000)
 ParOldGen       total 262144K, used 56K [0x0000000640000000, 0x0000000650000000, 0x0000000740000000)
  object space 262144K, 0% used [0x0000000640000000,0x000000064000e000,0x0000000650000000)
 Metaspace       used 20187K, capacity 20554K, committed 20736K, reserved 1067008K
  class space    used 2384K, capacity 2503K, committed 2560K, reserved 1048576K
}
Event: 2021.221 GC heap before
{Heap before GC invocations=4 (full 0):
 PSYoungGen      total 114688K, used 112577K [0x0000000740000000, 0x0000000748000000, 0x00000007c0000000)
  eden space 98304K, 100% used [0x0000000740000000,0x0000000746000000,0x0000000746000000)
  from space 16384K, 87% used [0x0000000746000000,0x0000000746df04d8,0x0000000747000000)
  to   space 16384K, 0% used [0x0000000747000000,0x0000000747000000,0x0000000748000000)
 ParOldGen       total 262144K, used 56K [0x0000000640000000, 0x0000000650000000, 0x0000000740000000)
  object space 262144K, 0% used [0x0000000640000000,0x000000064000e000,0x0000000650000000)
 Metaspace       used 20280K, capacity 20618K, committed 20992K, reserved 1067008K
  class space    used 2384K, capacity 2503K, committed 2560K, reserved 1048576K
Event: 2021.230 GC heap after
Heap after GC invocations=4 (full 0):
 PSYoungGen      total 114688K, used 14941K [0x0000000740000000, 0x0000000748000000, 0x00000007c0000000)
  eden space 98304K, 0% used [0x0000000740000000,0x0000000740000000,0x0000000746000000)
  from space 16384K, 91% used [0x0000000747000000,0x0000000747e97748,0x0000000748000000)
  to   space 16384K, 0% used [0x0000000746000000,0x0000000746000000,0x0000000747000000)
 ParOldGen       total 262144K, used 64K [0x0000000640000000, 0x0000000650000000, 0x0000000740000000)
  object space 262144K, 0% used [0x0000000640000000,0x0000000640010000,0x0000000650000000)
 Metaspace       used 20280K, capacity 20618K, committed 20992K, reserved 1067008K
  class space    used 2384K, capacity 2503K, committed 2560K, reserved 1048576K
}
Event: 2696.133 GC heap before
{Heap before GC invocations=5 (full 0):
 PSYoungGen      total 114688K, used 113245K [0x0000000740000000, 0x0000000748000000, 0x00000007c0000000)
  eden space 98304K, 100% used [0x0000000740000000,0x0000000746000000,0x0000000746000000)
  from space 16384K, 91% used [0x0000000747000000,0x0000000747e97748,0x0000000748000000)
  to   space 16384K, 0% used [0x0000000746000000,0x0000000746000000,0x0000000747000000)
 ParOldGen       total 262144K, used 64K [0x0000000640000000, 0x0000000650000000, 0x0000000740000000)
  object space 262144K, 0% used [0x0000000640000000,0x0000000640010000,0x0000000650000000)
 Metaspace       used 20450K, capacity 20810K, committed 20992K, reserved 1067008K
  class space    used 2384K, capacity 2503K, committed 2560K, reserved 1048576K
Event: 2696.143 GC heap after
Heap after GC invocations=5 (full 0):
 PSYoungGen      total 112640K, used 16024K [0x0000000740000000, 0x0000000748100000, 0x00000007c0000000)
  eden space 96256K, 0% used [0x0000000740000000,0x0000000740000000,0x0000000745e00000)
  from space 16384K, 97% used [0x0000000746000000,0x0000000746fa6218,0x0000000747000000)
  to   space 17408K, 0% used [0x0000000747000000,0x0000000747000000,0x0000000748100000)
 ParOldGen       total 262144K, used 72K [0x0000000640000000, 0x0000000650000000, 0x0000000740000000)
  object space 262144K, 0% used [0x0000000640000000,0x0000000640012000,0x0000000650000000)
 Metaspace       used 20450K, capacity 20810K, committed 20992K, reserved 1067008K
  class space    used 2384K, capacity 2503K, committed 2560K, reserved 1048576K
}

