# JRE version: Java(TM) SE Runtime Environment (8.0_45-b14) (build 1.8.0_45-b14)
# Java VM: Java HotSpot(TM) 64-Bit Server VM (25.45-b02 mixed mode bsd-amd64 compressed oops)
Heap:
 PSYoungGen      total 1633792K, used 23361K [0x0000000740000000, 0x00000007c0000000, 0x00000007c0000000)
  eden space 1213440K, 0% used [0x0000000740000000,0x00000007405d8b90,0x000000078a100000)
  from space 420352K, 4% used [0x00000007a6580000,0x00000007a7677a58,0x00000007c0000000)
  to   space 441856K, 0% used [0x000000078a100000,0x000000078a100000,0x00000007a5080000)
 ParOldGen       total 621056K, used 288764K [0x0000000640000000, 0x0000000665e80000, 0x0000000740000000)
  object space 621056K, 46% used [0x0000000640000000,0x00000006519ff088,0x0000000665e80000)
 Metaspace       used 20941K, capacity 21348K, committed 21760K, reserved 1069056K
  class space    used 2391K, capacity 2518K, committed 2560K, reserved 1048576K
GC Heap History (10 events):
Event: 17362.640 GC heap before
{Heap before GC invocations=148 (full 13):
 PSYoungGen      total 1496064K, used 184061K [0x0000000740000000, 0x00000007c0000000, 0x00000007c0000000)
  eden space 1311744K, 0% used [0x0000000740000000,0x0000000740000000,0x0000000790100000)
  from space 184320K, 99% used [0x0000000790100000,0x000000079b4bf450,0x000000079b500000)
  to   space 395776K, 0% used [0x00000007a7d80000,0x00000007a7d80000,0x00000007c0000000)
 ParOldGen       total 686080K, used 533638K [0x0000000640000000, 0x0000000669e00000, 0x0000000740000000)
  object space 686080K, 77% used [0x0000000640000000,0x0000000660921a18,0x0000000669e00000)
 Metaspace       used 20914K, capacity 21252K, committed 21504K, reserved 1069056K
  class space    used 2387K, capacity 2486K, committed 2560K, reserved 1048576K
Event: 17363.146 GC heap after
Heap after GC invocations=148 (full 13):
 PSYoungGen      total 1496064K, used 0K [0x0000000740000000, 0x00000007c0000000, 0x00000007c0000000)
  eden space 1311744K, 0% used [0x0000000740000000,0x0000000740000000,0x0000000790100000)
  from space 184320K, 0% used [0x0000000790100000,0x0000000790100000,0x000000079b500000)
  to   space 395776K, 0% used [0x00000007a7d80000,0x00000007a7d80000,0x00000007c0000000)
 ParOldGen       total 710656K, used 406403K [0x0000000640000000, 0x000000066b600000, 0x0000000740000000)
  object space 710656K, 57% used [0x0000000640000000,0x0000000658ce0c50,0x000000066b600000)
 Metaspace       used 20914K, capacity 21252K, committed 21504K, reserved 1069056K
  class space    used 2387K, capacity 2486K, committed 2560K, reserved 1048576K
}
Event: 17364.867 GC heap before
{Heap before GC invocations=149 (full 13):
 PSYoungGen      total 1496064K, used 1311744K [0x0000000740000000, 0x00000007c0000000, 0x00000007c0000000)
  eden space 1311744K, 100% used [0x0000000740000000,0x0000000790100000,0x0000000790100000)
  from space 184320K, 0% used [0x0000000790100000,0x0000000790100000,0x000000079b500000)
  to   space 395776K, 0% used [0x00000007a7d80000,0x00000007a7d80000,0x00000007c0000000)
 ParOldGen       total 710656K, used 406403K [0x0000000640000000, 0x000000066b600000, 0x0000000740000000)
  object space 710656K, 57% used [0x0000000640000000,0x0000000658ce0c50,0x000000066b600000)
 Metaspace       used 20914K, capacity 21252K, committed 21504K, reserved 1069056K
  class space    used 2387K, capacity 2486K, committed 2560K, reserved 1048576K
Event: 17364.964 GC heap after
Heap after GC invocations=149 (full 13):
 PSYoungGen      total 1696256K, used 306473K [0x0000000740000000, 0x00000007c0000000, 0x00000007c0000000)
  eden space 1300480K, 0% used [0x0000000740000000,0x0000000740000000,0x000000078f600000)
  from space 395776K, 77% used [0x00000007a7d80000,0x00000007ba8ca650,0x00000007c0000000)
  to   space 398336K, 0% used [0x000000078f600000,0x000000078f600000,0x00000007a7b00000)
 ParOldGen       total 710656K, used 406403K [0x0000000640000000, 0x000000066b600000, 0x0000000740000000)
  object space 710656K, 57% used [0x0000000640000000,0x0000000658ce0c50,0x000000066b600000)
 Metaspace       used 20914K, capacity 21252K, committed 21504K, reserved 1069056K
  class space    used 2387K, capacity 2486K, committed 2560K, reserved 1048576K
}
Event: 18766.832 GC heap before
{Heap before GC invocations=150 (full 13):
 PSYoungGen      total 1696256K, used 1606953K [0x0000000740000000, 0x00000007c0000000, 0x00000007c0000000)
  eden space 1300480K, 100% used [0x0000000740000000,0x000000078f600000,0x000000078f600000)
  from space 395776K, 77% used [0x00000007a7d80000,0x00000007ba8ca650,0x00000007c0000000)
  to   space 398336K, 0% used [0x000000078f600000,0x000000078f600000,0x00000007a7b00000)
 ParOldGen       total 710656K, used 406403K [0x0000000640000000, 0x000000066b600000, 0x0000000740000000)
  object space 710656K, 57% used [0x0000000640000000,0x0000000658ce0c50,0x000000066b600000)
 Metaspace       used 20916K, capacity 21252K, committed 21504K, reserved 1069056K
  class space    used 2387K, capacity 2486K, committed 2560K, reserved 1048576K
Event: 18766.879 GC heap after
Heap after GC invocations=150 (full 13):
 PSYoungGen      total 1363968K, used 63180K [0x0000000740000000, 0x00000007c0000000, 0x00000007c0000000)
  eden space 1300480K, 0% used [0x0000000740000000,0x0000000740000000,0x000000078f600000)
  from space 63488K, 99% used [0x000000078f600000,0x00000007933b33f0,0x0000000793400000)
  to   space 420352K, 0% used [0x00000007a6580000,0x00000007a6580000,0x00000007c0000000)
 ParOldGen       total 710656K, used 539378K [0x0000000640000000, 0x000000066b600000, 0x0000000740000000)
  object space 710656K, 75% used [0x0000000640000000,0x0000000660ebc8c0,0x000000066b600000)
 Metaspace       used 20916K, capacity 21252K, committed 21504K, reserved 1069056K
  class space    used 2387K, capacity 2486K, committed 2560K, reserved 1048576K
}
Event: 18766.879 GC heap before
{Heap before GC invocations=151 (full 14):
 PSYoungGen      total 1363968K, used 63180K [0x0000000740000000, 0x00000007c0000000, 0x00000007c0000000)
  eden space 1300480K, 0% used [0x0000000740000000,0x0000000740000000,0x000000078f600000)
  from space 63488K, 99% used [0x000000078f600000,0x00000007933b33f0,0x0000000793400000)
  to   space 420352K, 0% used [0x00000007a6580000,0x00000007a6580000,0x00000007c0000000)
 ParOldGen       total 710656K, used 539378K [0x0000000640000000, 0x000000066b600000, 0x0000000740000000)
  object space 710656K, 75% used [0x0000000640000000,0x0000000660ebc8c0,0x000000066b600000)
 Metaspace       used 20916K, capacity 21252K, committed 21504K, reserved 1069056K
  class space    used 2387K, capacity 2486K, committed 2560K, reserved 1048576K
Event: 18767.181 GC heap after
Heap after GC invocations=151 (full 14):
 PSYoungGen      total 1363968K, used 0K [0x0000000740000000, 0x00000007c0000000, 0x00000007c0000000)
  eden space 1300480K, 0% used [0x0000000740000000,0x0000000740000000,0x000000078f600000)
  from space 63488K, 0% used [0x000000078f600000,0x000000078f600000,0x0000000793400000)
  to   space 420352K, 0% used [0x00000007a6580000,0x00000007a6580000,0x00000007c0000000)
 ParOldGen       total 621056K, used 288756K [0x0000000640000000, 0x0000000665e80000, 0x0000000740000000)
  object space 621056K, 46% used [0x0000000640000000,0x00000006519fd088,0x0000000665e80000)
 Metaspace       used 20916K, capacity 21252K, committed 21504K, reserved 1069056K
  class space    used 2387K, capacity 2486K, committed 2560K, reserved 1048576K
}
Event: 20670.744 GC heap before
{Heap before GC invocations=152 (full 14):
 PSYoungGen      total 1363968K, used 1300480K [0x0000000740000000, 0x00000007c0000000, 0x00000007c0000000)
  eden space 1300480K, 100% used [0x0000000740000000,0x000000078f600000,0x000000078f600000)
  from space 63488K, 0% used [0x000000078f600000,0x000000078f600000,0x0000000793400000)
  to   space 420352K, 0% used [0x00000007a6580000,0x00000007a6580000,0x00000007c0000000)
 ParOldGen       total 621056K, used 288756K [0x0000000640000000, 0x0000000665e80000, 0x0000000740000000)
  object space 621056K, 46% used [0x0000000640000000,0x00000006519fd088,0x0000000665e80000)
 Metaspace       used 20941K, capacity 21348K, committed 21760K, reserved 1069056K
  class space    used 2391K, capacity 2518K, committed 2560K, reserved 1048576K
Event: 20670.757 GC heap after
Heap after GC invocations=152 (full 14):
 PSYoungGen      total 1633792K, used 17374K [0x0000000740000000, 0x00000007c0000000, 0x00000007c0000000)
  eden space 1213440K, 0% used [0x0000000740000000,0x0000000740000000,0x000000078a100000)
  from space 420352K, 4% used [0x00000007a6580000,0x00000007a7677a58,0x00000007c0000000)
  to   space 441856K, 0% used [0x000000078a100000,0x000000078a100000,0x00000007a5080000)
 ParOldGen       total 621056K, used 288764K [0x0000000640000000, 0x0000000665e80000, 0x0000000740000000)
  object space 621056K, 46% used [0x0000000640000000,0x00000006519ff088,0x0000000665e80000)
 Metaspace       used 20941K, capacity 21348K, committed 21760K, reserved 1069056K
  class space    used 2391K, capacity 2518K, committed 2560K, reserved 1048576K
}

