# JRE version: Java(TM) SE Runtime Environment (8.0_45-b14) (build 1.8.0_45-b14)
# Java VM: Java HotSpot(TM) 64-Bit Server VM (25.45-b02 mixed mode bsd-amd64 compressed oops)
Heap:
 PSYoungGen      total 35328K, used 781K [0x0000000740000000, 0x0000000742580000, 0x00000007c0000000)
  eden space 32256K, 2% used [0x0000000740000000,0x00000007400c3748,0x0000000741f80000)
  from space 3072K, 0% used [0x0000000741f80000,0x0000000741f80000,0x0000000742280000)
  to   space 3072K, 0% used [0x0000000742280000,0x0000000742280000,0x0000000742580000)
 ParOldGen       total 179200K, used 89150K [0x0000000640000000, 0x000000064af00000, 0x0000000740000000)
  object space 179200K, 49% used [0x0000000640000000,0x000000064570f868,0x000000064af00000)
 Metaspace       used 21035K, capacity 21408K, committed 21760K, reserved 1069056K
  class space    used 2381K, capacity 2516K, committed 2560K, reserved 1048576K
GC Heap History (10 events):
Event: 203949.060 GC heap before
{Heap before GC invocations=942 (full 2):
 PSYoungGen      total 35328K, used 34865K [0x0000000740000000, 0x0000000742580000, 0x00000007c0000000)
  eden space 32256K, 99% used [0x0000000740000000,0x0000000741f7e678,0x0000000741f80000)
  from space 3072K, 85% used [0x0000000741f80000,0x000000074220de20,0x0000000742280000)
  to   space 3072K, 0% used [0x0000000742280000,0x0000000742280000,0x0000000742580000)
 ParOldGen       total 185856K, used 184804K [0x0000000640000000, 0x000000064b580000, 0x0000000740000000)
  object space 185856K, 99% used [0x0000000640000000,0x000000064b479350,0x000000064b580000)
 Metaspace       used 21035K, capacity 21408K, committed 21760K, reserved 1069056K
  class space    used 2381K, capacity 2516K, committed 2560K, reserved 1048576K
Event: 203949.062 GC heap after
Heap after GC invocations=942 (full 2):
 PSYoungGen      total 35328K, used 2674K [0x0000000740000000, 0x0000000742580000, 0x00000007c0000000)
  eden space 32256K, 0% used [0x0000000740000000,0x0000000740000000,0x0000000741f80000)
  from space 3072K, 87% used [0x0000000742280000,0x000000074251cb50,0x0000000742580000)
  to   space 3072K, 0% used [0x0000000741f80000,0x0000000741f80000,0x0000000742280000)
 ParOldGen       total 185856K, used 185031K [0x0000000640000000, 0x000000064b580000, 0x0000000740000000)
  object space 185856K, 99% used [0x0000000640000000,0x000000064b4b1cb0,0x000000064b580000)
 Metaspace       used 21035K, capacity 21408K, committed 21760K, reserved 1069056K
  class space    used 2381K, capacity 2516K, committed 2560K, reserved 1048576K
}
Event: 204156.395 GC heap before
{Heap before GC invocations=943 (full 2):
 PSYoungGen      total 35328K, used 34930K [0x0000000740000000, 0x0000000742580000, 0x00000007c0000000)
  eden space 32256K, 100% used [0x0000000740000000,0x0000000741f80000,0x0000000741f80000)
  from space 3072K, 87% used [0x0000000742280000,0x000000074251cb50,0x0000000742580000)
  to   space 3072K, 0% used [0x0000000741f80000,0x0000000741f80000,0x0000000742280000)
 ParOldGen       total 185856K, used 185031K [0x0000000640000000, 0x000000064b580000, 0x0000000740000000)
  object space 185856K, 99% used [0x0000000640000000,0x000000064b4b1cb0,0x000000064b580000)
 Metaspace       used 21035K, capacity 21408K, committed 21760K, reserved 1069056K
  class space    used 2381K, capacity 2516K, committed 2560K, reserved 1048576K
Event: 204156.396 GC heap after
Heap after GC invocations=943 (full 2):
 PSYoungGen      total 35328K, used 2367K [0x0000000740000000, 0x0000000742580000, 0x00000007c0000000)
  eden space 32256K, 0% used [0x0000000740000000,0x0000000740000000,0x0000000741f80000)
  from space 3072K, 77% used [0x0000000741f80000,0x00000007421cfce8,0x0000000742280000)
  to   space 3072K, 0% used [0x0000000742280000,0x0000000742280000,0x0000000742580000)
 ParOldGen       total 185856K, used 185326K [0x0000000640000000, 0x000000064b580000, 0x0000000740000000)
  object space 185856K, 99% used [0x0000000640000000,0x000000064b4fbaa0,0x000000064b580000)
 Metaspace       used 21035K, capacity 21408K, committed 21760K, reserved 1069056K
  class space    used 2381K, capacity 2516K, committed 2560K, reserved 1048576K
}
Event: 204378.262 GC heap before
{Heap before GC invocations=944 (full 2):
 PSYoungGen      total 35328K, used 34623K [0x0000000740000000, 0x0000000742580000, 0x00000007c0000000)
  eden space 32256K, 100% used [0x0000000740000000,0x0000000741f80000,0x0000000741f80000)
  from space 3072K, 77% used [0x0000000741f80000,0x00000007421cfce8,0x0000000742280000)
  to   space 3072K, 0% used [0x0000000742280000,0x0000000742280000,0x0000000742580000)
 ParOldGen       total 185856K, used 185326K [0x0000000640000000, 0x000000064b580000, 0x0000000740000000)
  object space 185856K, 99% used [0x0000000640000000,0x000000064b4fbaa0,0x000000064b580000)
 Metaspace       used 21035K, capacity 21408K, committed 21760K, reserved 1069056K
  class space    used 2381K, capacity 2516K, committed 2560K, reserved 1048576K
Event: 204378.264 GC heap after
Heap after GC invocations=944 (full 2):
 PSYoungGen      total 35328K, used 2533K [0x0000000740000000, 0x0000000742580000, 0x00000007c0000000)
  eden space 32256K, 0% used [0x0000000740000000,0x0000000740000000,0x0000000741f80000)
  from space 3072K, 82% used [0x0000000742280000,0x00000007424f96a0,0x0000000742580000)
  to   space 3072K, 0% used [0x0000000741f80000,0x0000000741f80000,0x0000000742280000)
 ParOldGen       total 185856K, used 185423K [0x0000000640000000, 0x000000064b580000, 0x0000000740000000)
  object space 185856K, 99% used [0x0000000640000000,0x000000064b513f30,0x000000064b580000)
 Metaspace       used 21035K, capacity 21408K, committed 21760K, reserved 1069056K
  class space    used 2381K, capacity 2516K, committed 2560K, reserved 1048576K
}
Event: 204563.056 GC heap before
{Heap before GC invocations=945 (full 2):
 PSYoungGen      total 35328K, used 34789K [0x0000000740000000, 0x0000000742580000, 0x00000007c0000000)
  eden space 32256K, 100% used [0x0000000740000000,0x0000000741f80000,0x0000000741f80000)
  from space 3072K, 82% used [0x0000000742280000,0x00000007424f96a0,0x0000000742580000)
  to   space 3072K, 0% used [0x0000000741f80000,0x0000000741f80000,0x0000000742280000)
 ParOldGen       total 185856K, used 185423K [0x0000000640000000, 0x000000064b580000, 0x0000000740000000)
  object space 185856K, 99% used [0x0000000640000000,0x000000064b513f30,0x000000064b580000)
 Metaspace       used 21035K, capacity 21408K, committed 21760K, reserved 1069056K
  class space    used 2381K, capacity 2516K, committed 2560K, reserved 1048576K
Event: 204563.058 GC heap after
Heap after GC invocations=945 (full 2):
 PSYoungGen      total 35328K, used 2671K [0x0000000740000000, 0x0000000742580000, 0x00000007c0000000)
  eden space 32256K, 0% used [0x0000000740000000,0x0000000740000000,0x0000000741f80000)
  from space 3072K, 86% used [0x0000000741f80000,0x000000074221bec0,0x0000000742280000)
  to   space 3072K, 0% used [0x0000000742280000,0x0000000742280000,0x0000000742580000)
 ParOldGen       total 185856K, used 185558K [0x0000000640000000, 0x000000064b580000, 0x0000000740000000)
  object space 185856K, 99% used [0x0000000640000000,0x000000064b535840,0x000000064b580000)
 Metaspace       used 21035K, capacity 21408K, committed 21760K, reserved 1069056K
  class space    used 2381K, capacity 2516K, committed 2560K, reserved 1048576K
}
Event: 204563.058 GC heap before
{Heap before GC invocations=946 (full 3):
 PSYoungGen      total 35328K, used 2671K [0x0000000740000000, 0x0000000742580000, 0x00000007c0000000)
  eden space 32256K, 0% used [0x0000000740000000,0x0000000740000000,0x0000000741f80000)
  from space 3072K, 86% used [0x0000000741f80000,0x000000074221bec0,0x0000000742280000)
  to   space 3072K, 0% used [0x0000000742280000,0x0000000742280000,0x0000000742580000)
 ParOldGen       total 185856K, used 185558K [0x0000000640000000, 0x000000064b580000, 0x0000000740000000)
  object space 185856K, 99% used [0x0000000640000000,0x000000064b535840,0x000000064b580000)
 Metaspace       used 21035K, capacity 21408K, committed 21760K, reserved 1069056K
  class space    used 2381K, capacity 2516K, committed 2560K, reserved 1048576K
Event: 204563.400 GC heap after
Heap after GC invocations=946 (full 3):
 PSYoungGen      total 35328K, used 0K [0x0000000740000000, 0x0000000742580000, 0x00000007c0000000)
  eden space 32256K, 0% used [0x0000000740000000,0x0000000740000000,0x0000000741f80000)
  from space 3072K, 0% used [0x0000000741f80000,0x0000000741f80000,0x0000000742280000)
  to   space 3072K, 0% used [0x0000000742280000,0x0000000742280000,0x0000000742580000)
 ParOldGen       total 179200K, used 89150K [0x0000000640000000, 0x000000064af00000, 0x0000000740000000)
  object space 179200K, 49% used [0x0000000640000000,0x000000064570f868,0x000000064af00000)
 Metaspace       used 21035K, capacity 21408K, committed 21760K, reserved 1069056K
  class space    used 2381K, capacity 2516K, committed 2560K, reserved 1048576K
}

