# JRE version: Java(TM) SE Runtime Environment (8.0_45-b14) (build 1.8.0_45-b14)
# Java VM: Java HotSpot(TM) 64-Bit Server VM (25.45-b02 mixed mode bsd-amd64 compressed oops)
Heap:
 PSYoungGen      total 32256K, used 3345K [0x0000000740000000, 0x0000000742380000, 0x00000007c0000000)
  eden space 29184K, 0% used [0x0000000740000000,0x00000007400471b0,0x0000000741c80000)
  from space 3072K, 99% used [0x0000000741c80000,0x0000000741f7d618,0x0000000741f80000)
  to   space 3584K, 0% used [0x0000000742000000,0x0000000742000000,0x0000000742380000)
 ParOldGen       total 108544K, used 107533K [0x0000000640000000, 0x0000000646a00000, 0x0000000740000000)
  object space 108544K, 99% used [0x0000000640000000,0x0000000646903520,0x0000000646a00000)
 Metaspace       used 21074K, capacity 21414K, committed 21760K, reserved 1069056K
  class space    used 2393K, capacity 2517K, committed 2560K, reserved 1048576K
GC Heap History (10 events):
Event: 104590.818 GC heap before
{Heap before GC invocations=652 (full 1):
 PSYoungGen      total 32768K, used 31937K [0x0000000740000000, 0x0000000742300000, 0x00000007c0000000)
  eden space 29696K, 100% used [0x0000000740000000,0x0000000741d00000,0x0000000741d00000)
  from space 3072K, 72% used [0x0000000742000000,0x00000007422306d0,0x0000000742300000)
  to   space 3072K, 0% used [0x0000000741d00000,0x0000000741d00000,0x0000000742000000)
 ParOldGen       total 108544K, used 106129K [0x0000000640000000, 0x0000000646a00000, 0x0000000740000000)
  object space 108544K, 97% used [0x0000000640000000,0x00000006467a4750,0x0000000646a00000)
 Metaspace       used 21050K, capacity 21414K, committed 21760K, reserved 1069056K
  class space    used 2389K, capacity 2517K, committed 2560K, reserved 1048576K
Event: 104590.819 GC heap after
Heap after GC invocations=652 (full 1):
 PSYoungGen      total 32768K, used 2168K [0x0000000740000000, 0x0000000742300000, 0x00000007c0000000)
  eden space 29696K, 0% used [0x0000000740000000,0x0000000740000000,0x0000000741d00000)
  from space 3072K, 70% used [0x0000000741d00000,0x0000000741f1e0b0,0x0000000742000000)
  to   space 3072K, 0% used [0x0000000742000000,0x0000000742000000,0x0000000742300000)
 ParOldGen       total 108544K, used 106300K [0x0000000640000000, 0x0000000646a00000, 0x0000000740000000)
  object space 108544K, 97% used [0x0000000640000000,0x00000006467cf070,0x0000000646a00000)
 Metaspace       used 21050K, capacity 21414K, committed 21760K, reserved 1069056K
  class space    used 2389K, capacity 2517K, committed 2560K, reserved 1048576K
}
Event: 104834.331 GC heap before
{Heap before GC invocations=653 (full 1):
 PSYoungGen      total 32768K, used 31864K [0x0000000740000000, 0x0000000742300000, 0x00000007c0000000)
  eden space 29696K, 100% used [0x0000000740000000,0x0000000741d00000,0x0000000741d00000)
  from space 3072K, 70% used [0x0000000741d00000,0x0000000741f1e0b0,0x0000000742000000)
  to   space 3072K, 0% used [0x0000000742000000,0x0000000742000000,0x0000000742300000)
 ParOldGen       total 108544K, used 106300K [0x0000000640000000, 0x0000000646a00000, 0x0000000740000000)
  object space 108544K, 97% used [0x0000000640000000,0x00000006467cf070,0x0000000646a00000)
 Metaspace       used 21050K, capacity 21414K, committed 21760K, reserved 1069056K
  class space    used 2389K, capacity 2517K, committed 2560K, reserved 1048576K
Event: 104834.332 GC heap after
Heap after GC invocations=653 (full 1):
 PSYoungGen      total 32768K, used 2105K [0x0000000740000000, 0x0000000742300000, 0x00000007c0000000)
  eden space 29696K, 0% used [0x0000000740000000,0x0000000740000000,0x0000000741d00000)
  from space 3072K, 68% used [0x0000000742000000,0x000000074220e490,0x0000000742300000)
  to   space 3072K, 0% used [0x0000000741d00000,0x0000000741d00000,0x0000000742000000)
 ParOldGen       total 108544K, used 106389K [0x0000000640000000, 0x0000000646a00000, 0x0000000740000000)
  object space 108544K, 98% used [0x0000000640000000,0x00000006467e5500,0x0000000646a00000)
 Metaspace       used 21050K, capacity 21414K, committed 21760K, reserved 1069056K
  class space    used 2389K, capacity 2517K, committed 2560K, reserved 1048576K
}
Event: 105038.302 GC heap before
{Heap before GC invocations=654 (full 1):
 PSYoungGen      total 32768K, used 31801K [0x0000000740000000, 0x0000000742300000, 0x00000007c0000000)
  eden space 29696K, 100% used [0x0000000740000000,0x0000000741d00000,0x0000000741d00000)
  from space 3072K, 68% used [0x0000000742000000,0x000000074220e490,0x0000000742300000)
  to   space 3072K, 0% used [0x0000000741d00000,0x0000000741d00000,0x0000000742000000)
 ParOldGen       total 108544K, used 106389K [0x0000000640000000, 0x0000000646a00000, 0x0000000740000000)
  object space 108544K, 98% used [0x0000000640000000,0x00000006467e5500,0x0000000646a00000)
 Metaspace       used 21050K, capacity 21414K, committed 21760K, reserved 1069056K
  class space    used 2389K, capacity 2517K, committed 2560K, reserved 1048576K
Event: 105038.303 GC heap after
Heap after GC invocations=654 (full 1):
 PSYoungGen      total 32256K, used 2184K [0x0000000740000000, 0x0000000742200000, 0x00000007c0000000)
  eden space 29696K, 0% used [0x0000000740000000,0x0000000740000000,0x0000000741d00000)
  from space 2560K, 85% used [0x0000000741d00000,0x0000000741f221d8,0x0000000741f80000)
  to   space 2560K, 0% used [0x0000000741f80000,0x0000000741f80000,0x0000000742200000)
 ParOldGen       total 108544K, used 106523K [0x0000000640000000, 0x0000000646a00000, 0x0000000740000000)
  object space 108544K, 98% used [0x0000000640000000,0x0000000646806e00,0x0000000646a00000)
 Metaspace       used 21050K, capacity 21414K, committed 21760K, reserved 1069056K
  class space    used 2389K, capacity 2517K, committed 2560K, reserved 1048576K
}
Event: 105261.826 GC heap before
{Heap before GC invocations=655 (full 1):
 PSYoungGen      total 32256K, used 31845K [0x0000000740000000, 0x0000000742200000, 0x00000007c0000000)
  eden space 29696K, 99% used [0x0000000740000000,0x0000000741cf7340,0x0000000741d00000)
  from space 2560K, 85% used [0x0000000741d00000,0x0000000741f221d8,0x0000000741f80000)
  to   space 2560K, 0% used [0x0000000741f80000,0x0000000741f80000,0x0000000742200000)
 ParOldGen       total 108544K, used 106523K [0x0000000640000000, 0x0000000646a00000, 0x0000000740000000)
  object space 108544K, 98% used [0x0000000640000000,0x0000000646806e00,0x0000000646a00000)
 Metaspace       used 21050K, capacity 21414K, committed 21760K, reserved 1069056K
  class space    used 2389K, capacity 2517K, committed 2560K, reserved 1048576K
Event: 105261.828 GC heap after
Heap after GC invocations=655 (full 1):
 PSYoungGen      total 31744K, used 2421K [0x0000000740000000, 0x0000000742300000, 0x00000007c0000000)
  eden space 29184K, 0% used [0x0000000740000000,0x0000000740000000,0x0000000741c80000)
  from space 2560K, 94% used [0x0000000741f80000,0x00000007421dd630,0x0000000742200000)
  to   space 3072K, 0% used [0x0000000741c80000,0x0000000741c80000,0x0000000741f80000)
 ParOldGen       total 108544K, used 106644K [0x0000000640000000, 0x0000000646a00000, 0x0000000740000000)
  object space 108544K, 98% used [0x0000000640000000,0x00000006468252c0,0x0000000646a00000)
 Metaspace       used 21050K, capacity 21414K, committed 21760K, reserved 1069056K
  class space    used 2389K, capacity 2517K, committed 2560K, reserved 1048576K
}
Event: 105470.592 GC heap before
{Heap before GC invocations=656 (full 1):
 PSYoungGen      total 31744K, used 31605K [0x0000000740000000, 0x0000000742300000, 0x00000007c0000000)
  eden space 29184K, 100% used [0x0000000740000000,0x0000000741c80000,0x0000000741c80000)
  from space 2560K, 94% used [0x0000000741f80000,0x00000007421dd630,0x0000000742200000)
  to   space 3072K, 0% used [0x0000000741c80000,0x0000000741c80000,0x0000000741f80000)
 ParOldGen       total 108544K, used 106644K [0x0000000640000000, 0x0000000646a00000, 0x0000000740000000)
  object space 108544K, 98% used [0x0000000640000000,0x00000006468252c0,0x0000000646a00000)
 Metaspace       used 21074K, capacity 21414K, committed 21760K, reserved 1069056K
  class space    used 2393K, capacity 2517K, committed 2560K, reserved 1048576K
Event: 105470.605 GC heap after
Heap after GC invocations=656 (full 1):
 PSYoungGen      total 32256K, used 3061K [0x0000000740000000, 0x0000000742380000, 0x00000007c0000000)
  eden space 29184K, 0% used [0x0000000740000000,0x0000000740000000,0x0000000741c80000)
  from space 3072K, 99% used [0x0000000741c80000,0x0000000741f7d618,0x0000000741f80000)
  to   space 3584K, 0% used [0x0000000742000000,0x0000000742000000,0x0000000742380000)
 ParOldGen       total 108544K, used 107533K [0x0000000640000000, 0x0000000646a00000, 0x0000000740000000)
  object space 108544K, 99% used [0x0000000640000000,0x0000000646903520,0x0000000646a00000)
 Metaspace       used 21074K, capacity 21414K, committed 21760K, reserved 1069056K
  class space    used 2393K, capacity 2517K, committed 2560K, reserved 1048576K
}

